Determining if the pthread_create exist failed with the following output:
Change Dir: /home/wojtek/Desktop/code/Simply-RPG-Dungeon/build/CMakeFiles/CMakeTmp

Run Build Command:"/usr/bin/make" "cmTC_3fdf4/fast"
/usr/bin/make -f CMakeFiles/cmTC_3fdf4.dir/build.make CMakeFiles/cmTC_3fdf4.dir/build
make[1]: Entering directory '/home/wojtek/Desktop/code/Simply-RPG-Dungeon/build/CMakeFiles/CMakeTmp'
Building C object CMakeFiles/cmTC_3fdf4.dir/CheckSymbolExists.c.o
/usr/bin/cc    -o CMakeFiles/cmTC_3fdf4.dir/CheckSymbolExists.c.o   -c /home/wojtek/Desktop/code/Simply-RPG-Dungeon/build/CMakeFiles/CMakeTmp/CheckSymbolExists.c
Linking C executable cmTC_3fdf4
/usr/bin/cmake -E cmake_link_script CMakeFiles/cmTC_3fdf4.dir/link.txt --verbose=1
/usr/bin/cc      CMakeFiles/cmTC_3fdf4.dir/CheckSymbolExists.c.o  -o cmTC_3fdf4 
CMakeFiles/cmTC_3fdf4.dir/CheckSymbolExists.c.o: In function `main':
CheckSymbolExists.c:(.text+0x1b): undefined reference to `pthread_create'
collect2: error: ld returned 1 exit status
CMakeFiles/cmTC_3fdf4.dir/build.make:97: recipe for target 'cmTC_3fdf4' failed
make[1]: *** [cmTC_3fdf4] Error 1
make[1]: Leaving directory '/home/wojtek/Desktop/code/Simply-RPG-Dungeon/build/CMakeFiles/CMakeTmp'
Makefile:126: recipe for target 'cmTC_3fdf4/fast' failed
make: *** [cmTC_3fdf4/fast] Error 2

File /home/wojtek/Desktop/code/Simply-RPG-Dungeon/build/CMakeFiles/CMakeTmp/CheckSymbolExists.c:
/* */
#include <pthread.h>

int main(int argc, char** argv)
{
  (void)argv;
#ifndef pthread_create
  return ((int*)(&pthread_create))[argc];
#else
  (void)argc;
  return 0;
#endif
}

Determining if the function pthread_create exists in the pthreads failed with the following output:
Change Dir: /home/wojtek/Desktop/code/Simply-RPG-Dungeon/build/CMakeFiles/CMakeTmp

Run Build Command:"/usr/bin/make" "cmTC_4e449/fast"
/usr/bin/make -f CMakeFiles/cmTC_4e449.dir/build.make CMakeFiles/cmTC_4e449.dir/build
make[1]: Entering directory '/home/wojtek/Desktop/code/Simply-RPG-Dungeon/build/CMakeFiles/CMakeTmp'
Building C object CMakeFiles/cmTC_4e449.dir/CheckFunctionExists.c.o
/usr/bin/cc   -DCHECK_FUNCTION_EXISTS=pthread_create   -o CMakeFiles/cmTC_4e449.dir/CheckFunctionExists.c.o   -c /usr/share/cmake-3.10/Modules/CheckFunctionExists.c
Linking C executable cmTC_4e449
/usr/bin/cmake -E cmake_link_script CMakeFiles/cmTC_4e449.dir/link.txt --verbose=1
/usr/bin/cc  -DCHECK_FUNCTION_EXISTS=pthread_create    CMakeFiles/cmTC_4e449.dir/CheckFunctionExists.c.o  -o cmTC_4e449 -lpthreads 
/usr/bin/ld: cannot find -lpthreads
collect2: error: ld returned 1 exit status
CMakeFiles/cmTC_4e449.dir/build.make:97: recipe for target 'cmTC_4e449' failed
make[1]: *** [cmTC_4e449] Error 1
make[1]: Leaving directory '/home/wojtek/Desktop/code/Simply-RPG-Dungeon/build/CMakeFiles/CMakeTmp'
Makefile:126: recipe for target 'cmTC_4e449/fast' failed
make: *** [cmTC_4e449/fast] Error 2


